 
****************************************
Report : area
Design : reciprocal
Version: U-2022.12
Date   : Fri May 19 03:22:38 2023
****************************************

Information: Updating design information... (UID-85)
Library(s) Used:

    fsa0m_a_generic_core_tt1p8v25c (File: /home/raid7_2/userb09/b09081/NTUEE_IC_Design_lab/Lab3/SYN/fsa0m_a_generic_core_tt1p8v25c.db)

Number of ports:                           44
Number of nets:                          3638
Number of cells:                         3136
Number of combinational cells:           2936
Number of sequential cells:               200
Number of macros/black boxes:               0
Number of buf/inv:                        511
Number of references:                      47

Combinational area:              73245.312067
Buf/Inv area:                     6340.219106
Noncombinational area:           11174.284912
Macro/Black Box area:                0.000000
Net Interconnect area:      undefined  (Wire load has zero net area)

Total cell area:                 84419.596979
Total area:                 undefined
1
