 
****************************************
Report : power
        -analysis_effort low
Design : Top
Version: U-2022.12
Date   : Fri May 26 08:54:06 2023
****************************************


Library(s) Used:

    fsa0m_a_generic_core_tt1p8v25c (File: /home/raid7_2/userb09/b09081/NTUEE_IC_Design_lab/Lab3/02_SYN/fsa0m_a_generic_core_tt1p8v25c.db)


Operating Conditions: WCCOM   Library: fsa0m_a_generic_core_ss1p62v125c
Wire Load Model Mode: enclosed

Design        Wire Load Model            Library
------------------------------------------------
Top                    enG100K           fsa0m_a_generic_core_tt1p8v25c
GSIM                   enG50K            fsa0m_a_generic_core_tt1p8v25c
reciprocal             enG10K            fsa0m_a_generic_core_tt1p8v25c
iteration_cell         enG30K            fsa0m_a_generic_core_tt1p8v25c
Core                   enG30K            fsa0m_a_generic_core_tt1p8v25c


Global Operating Voltage = 1.62 
Power-specific unit information :
    Voltage Units = 1V
    Capacitance Units = 1.000000pf
    Time Units = 1ns
    Dynamic Power Units = 1mW    (derived from V,C,T units)
    Leakage Power Units = 1pW


Attributes
----------
i - Including register clock pin internal power


  Cell Internal Power  =   8.9918 mW   (97%)
  Net Switching Power  = 324.9774 uW    (3%)
                         ---------
Total Dynamic Power    =   9.3168 mW  (100%)

Cell Leakage Power     =   2.0001 uW


                 Internal         Switching           Leakage            Total
Power Group      Power            Power               Power              Power   (   %    )  Attrs
--------------------------------------------------------------------------------------------------
io_pad             0.0000            0.0000            0.0000            0.0000  (   0.00%)
memory             0.0000            0.0000            0.0000            0.0000  (   0.00%)
black_box          0.0000            0.0000            0.0000            0.0000  (   0.00%)
clock_network      8.8824        6.3218e-02           84.7803            8.9456  (  96.00%)  i
register       5.9798e-02        2.3825e-02        9.5012e+05        8.4574e-02  (   0.91%)
sequential         0.0000            0.0000            0.0000            0.0000  (   0.00%)
combinational  4.9416e-02            0.2379        1.0499e+06            0.2884  (   3.09%)
--------------------------------------------------------------------------------------------------
Total              8.9916 mW         0.3250 mW     2.0001e+06 pW         9.3186 mW
1
